<?xml version="1.0" encoding="UTF-8"?>
<!-- Generated by org.testng.reporters.JUnitReportReporter -->
<testsuite hostname="LAPTOP-M4B5B0N8" failures="0" tests="8" name="testNG.Groupingexamples" time="0.009" errors="0" timestamp="2023-03-23T17:44:38 IST" skipped="0">
  <testcase classname="testNG.Groupingexamples" name="Acer1" time="0.001"/>
  <system-out/>
  <testcase classname="testNG.Groupingexamples" name="mac" time="0.001"/>
  <system-out/>
  <testcase classname="testNG.Groupingexamples" name="mac1" time="0.001"/>
  <system-out/>
  <testcase classname="testNG.Groupingexamples" name="sony0" time="0.002"/>
  <system-out/>
  <testcase classname="testNG.Groupingexamples" name="Acer0" time="0.001"/>
  <system-out/>
  <testcase classname="testNG.Groupingexamples" name="hp" time="0.001"/>
  <system-out/>
  <testcase classname="testNG.Groupingexamples" name="sony1" time="0.001"/>
  <system-out/>
  <testcase classname="testNG.Groupingexamples" name="hp1" time="0.001"/>
  <system-out/>
</testsuite> <!-- testNG.Groupingexamples -->
