<?xml version="1.0" encoding="UTF-8"?>
<!-- Generated by org.testng.reporters.JUnitReportReporter -->
<testsuite hostname="LAPTOP-M4B5B0N8" failures="0" tests="2" name="testNG.Paralleltest" time="12.613" errors="0" timestamp="2023-03-23T17:44:38 IST" skipped="0">
  <testcase classname="testNG.Paralleltest" name="Opagoogle" time="7.775"/>
  <system-out/>
  <testcase classname="testNG.Paralleltest" name="Opbingge" time="4.838"/>
  <system-out/>
</testsuite> <!-- testNG.Paralleltest -->
