<?xml version="1.0" encoding="UTF-8"?>
<!-- Generated by org.testng.reporters.JUnitReportReporter -->
<testsuite hostname="LAPTOP-M4B5B0N8" failures="0" tests="1" name="testNG.ParameterizationExepl" time="0.034" errors="0" timestamp="2023-03-22T17:00:04 IST" skipped="0">
  <testcase classname="testNG.ParameterizationExepl" name="printl" time="0.034"/>
  <system-out/>
</testsuite> <!-- testNG.ParameterizationExepl -->
