<?xml version="1.0" encoding="UTF-8"?>
<!-- Generated by org.testng.reporters.JUnitReportReporter -->
<testsuite hostname="LAPTOP-M4B5B0N8" failures="0" tests="3" name="testNG.SuitExamples1" time="14.778" errors="0" timestamp="2023-03-23T17:44:38 IST" skipped="0">
  <testcase classname="testNG.SuitExamples1" name="opengoogle" time="3.562"/>
  <system-out/>
  <testcase classname="testNG.SuitExamples1" name="openBing" time="4.201"/>
  <system-out/>
  <testcase classname="testNG.SuitExamples1" name="openYahoo" time="7.015"/>
  <system-out/>
</testsuite> <!-- testNG.SuitExamples1 -->
