<?xml version="1.0" encoding="UTF-8"?>
<!-- Generated by org.testng.reporters.JUnitReportReporter -->
<testsuite hostname="LAPTOP-M4B5B0N8" failures="0" tests="6" name="testNG.Driveacar" time="0.010" errors="0" timestamp="2023-03-23T17:44:38 IST" skipped="0">
  <testcase classname="testNG.Driveacar" name="startTheCar" time="0.002"/>
  <system-out/>
  <testcase classname="testNG.Driveacar" name="PutEnginekillswitch" time="0.001"/>
  <system-out/>
  <testcase classname="testNG.Driveacar" name="PutFirstGear" time="0.001"/>
  <system-out/>
  <testcase classname="testNG.Driveacar" name="PutSecGear" time="0.003"/>
  <system-out/>
  <testcase classname="testNG.Driveacar" name="PutThirdGear" time="0.001"/>
  <system-out/>
  <testcase classname="testNG.Driveacar" name="PutFourthGear" time="0.002"/>
  <system-out/>
</testsuite> <!-- testNG.Driveacar -->
