<?xml version="1.0" encoding="UTF-8"?>
<!-- Generated by org.testng.reporters.JUnitReportReporter -->
<testsuite hostname="LAPTOP-M4B5B0N8" failures="0" tests="1" name="testNG.AnnotaionsHierachyExp" time="0.041" errors="0" timestamp="2023-03-23T16:42:23 IST" skipped="0">
  <testcase classname="testNG.AnnotaionsHierachyExp" name="Test" time="0.041"/>
  <system-out/>
</testsuite> <!-- testNG.AnnotaionsHierachyExp -->
