<?xml version="1.0" encoding="UTF-8"?>
<!-- Generated by org.testng.reporters.JUnitReportReporter -->
<testsuite hostname="LAPTOP-M4B5B0N8" failures="0" tests="6" name="testNG.SkipATestcase" time="0.010" errors="0" timestamp="2023-03-23T17:44:38 IST" skipped="1">
  <testcase classname="testNG.SkipATestcase" name="Turnthemusicon" time="0.002"/>
  <system-out/>
  <testcase classname="testNG.SkipATestcase" name="startthecar" time="0.002"/>
  <system-out/>
  <testcase classname="testNG.SkipATestcase" name="PutFirstGear" time="0.002"/>
  <system-out/>
  <testcase classname="testNG.SkipATestcase" name="PutSecGear" time="0.002"/>
  <system-out/>
  <testcase classname="testNG.SkipATestcase" name="PutThirdGear" time="0.002"/>
  <system-out/>
  <testcase classname="testNG.SkipATestcase" name="PutFourthGear">
    <skipped/>
  </testcase> <!-- PutFourthGear -->
  <system-out/>
</testsuite> <!-- testNG.SkipATestcase -->
