<?xml version="1.0" encoding="UTF-8"?>
<!-- Generated by org.testng.reporters.JUnitReportReporter -->
<testsuite hostname="LAPTOP-M4B5B0N8" failures="0" tests="3" name="testNG.SuitExample" time="6.616" errors="0" timestamp="2023-03-24T15:59:41 IST" skipped="0">
  <testcase classname="testNG.SuitExample" name="openYahoo" time="3.083"/>
  <system-out/>
  <testcase classname="testNG.SuitExample" name="opengoogle" time="3.016"/>
  <system-out/>
  <testcase classname="testNG.SuitExample" name="openBing" time="0.517"/>
  <system-out/>
</testsuite> <!-- testNG.SuitExample -->
