<?xml version="1.0" encoding="UTF-8"?>
<!-- Generated by org.testng.reporters.JUnitReportReporter -->
<testsuite hostname="LAPTOP-M4B5B0N8" failures="0" tests="5" name="testNG.Sample_testcase" time="0.007" errors="0" timestamp="2023-03-23T17:44:38 IST" skipped="0">
  <testcase classname="testNG.Sample_testcase" name="Sectestcase" time="0.001"/>
  <system-out/>
  <testcase classname="testNG.Sample_testcase" name="Firsttestcase" time="0.003"/>
  <system-out/>
  <testcase classname="testNG.Sample_testcase" name="Fourthtestcase" time="0.001"/>
  <system-out/>
  <testcase classname="testNG.Sample_testcase" name="Thirtestcase" time="0.001"/>
  <system-out/>
  <testcase classname="testNG.Sample_testcase" name="Fifthtestcase" time="0.001"/>
  <system-out/>
</testsuite> <!-- testNG.Sample_testcase -->
